[    0.000000] Iitalin cgroup subsys cpuset
[    0.000000] Initializing cgroup subsys cpu
[    0.000000] Initializing cgroup subsys cpuacct
[    0.000000] Linux version 4.4.0-57-generic (buildd@lgw01-54) (gcc version 5.4.0 20160609 (Ubuntu 5.4.0-6ubuntu1~16.04.4) ) #78-Ubuntu SMPFrDe 9 23::3 UC 016 (Ubuntu 4.4.0-57.78-generic .45)
[    0.00000]oman lin BOTIMGE=/oo/vinz-4.0-7-neric oo=LELcloudi-rtfs rocooltty1 console=ttyS0
[    0.000000] KERNEL supported cpus:
[    0.000000]   Intel GenuineIntel
[    0.000000]   AMD AuthenticAMD
[    0.000000]   Centaur CentaurHauls
[    0.000000] x86/fpu: xstate_offset[2]:  576, xstateiz[2]:  256
[    0.000000] x86/fpu: Supporting XSAVE feature 0x01: 'x87 floating point registers'
[    0.000000] x86/fpu: Supporting XSAVE feature 0x2:SSregisters'
[    0.000000] x86/fpu: Supporting XSAVE feature 0x04: 'AVX registers'
[   0.000000] x86/f: Enabl xat feaur 0, cotext size is 832 bytes, uing 'standardfoma
   0000000] x86/fpu: Using 'lazy' FPU context switches.
[  00000] e0:BI-providd pysca RAM map:
[    0.000000] BIOS-e820 [mem 0x0000000000000000-0x000000000009fbff] usabl
  0.000000] IOe80:[mem 0x000000000009fc00-0x000000000009ffff] reserved
[    0.000000] BIOS-e820: [mem 0x00000000000f0000-0x00000000000fffff] reserved
[    0.000000] BIOS-e820: [mem 0x00000000001000000x0000003ffeffff] usable
[    0.000000] BIOSe80:me 0x000003ff000-0x000000003ffffff] CPdaa
[    0.000000] BIOS-e820:[mm 00000000fffc0000-0x00000000ffffff rerved
[    0.000000] NX (Execute Dsae)roteti: atie
[  .000000] SMBIOS 2.5 present.
[    0.000000] Hypervisor detected: KVM
[    0.000000] e820: last_pfn = 0x3fff0 max_arch_pfn = 0x400000000
[    0.000000] MTRR: Disabled
[    0.000000] x86/PAT: MTRRs disabled, skipping PAT initialization too.
[    0.000000] x86/PAT: Configuraio[07] WB T C-UC  WB  WT  UC- UC  
[    0.000000] CPU MTRRs all blank - virtualized system.
[    0.000000] found SMP MP-table at [mem 0x0009fff0-0x0009ffff] mapped at [ffff88000009fff0]
[    0.000000] Scanning 1 areas for low memory corruption
[    0.000000] RAMDISK: [mem 0x36b74000-0x375b1fff]
[    0.000000] ACPI: Early table checksum verification disabled
[    0.000000] ACPI: RSDP 0x000000E0000 000024 (v02 VBOX  )
[    0.000000] ACPI: XSDT 0x000000003FFF0030 00003C (v01 VBOX   VBOXXSDT 00000001 ASL  00000061)
[    0.000000] ACPI: FACP 0x000000003FFF00F0 0000F4 (v04 VBOX   VBOXFACP 00000001 ASL  00000061)
[    0.000000] ACPI: DSDT 0x000000003FFF0470 001CEB (v01 VBOX   VBOXBIOS 00000002 INTL 20140214)
[    0.000000] ACPI: FACS 0x000000003FFF0200 000040
[    0.000000] ACPI: FACS 0x000000003FFF0200 000040
[    0.000000] ACPI: APIC 0x000000003FFF0240 00005C (v02 VBOX   VBOXAPIC 00000001 ASL  00000061)
[    0.000000] ACPI: SSDT 0x000000003FFF02A0 0001CC (v01 VBOX   VBOXCPUT 00000002 INTL 20140214)
[    0.000000] No NUMA configuration found
[    0.000000] Faking a node at [mem 0x0000000000000000-0x000000003ffeffff]
[    0.000000] NODE_DATA(0) allocated [mem 0x3ffeb000-0x3ffeffff]
[    0.000000] kvm-clock: Usin mrs4b4d01nd4b4d00[   000000]kv-clock: cpu 0, msr 0:3ffe3001, primary cpu clock    0.0000] vm-clock: using sched offset of 3191099227 cycles
[    0.000000] clocksource: kvm-clock: mask: 0xffffffffffffffff max_cycles: 0x1cd42e4dffb, max_idle_ns: 881590591483 ns
[    0.000000] Zone ranges:
[    0.000000]   DMA      [mem 0x0000000000001000-0x0000000000ffffff]
[    0.000000]   DMA32    [mem 0x0000000001000000-0x000000003ffeffff]
[    0.000000]   Normal   empty
[    0.000000]   Device   empty
[    0.000000] Movable zone start for each node
[    0.00000 Erlmeory odraes
[    0.000000]   node   0: [mem 0x0000000000001000-0x000000000009efff]
[    0.000000]   node   0: [mem 0x0000000000100000-0x000000003ffeffff]
[    0.000000] Initmem setup node 0 [mem 0x0000000000001000-0x000000003ffeffff][  000000]ACI:PMTimeIOor: 0x08
[  0.000000] IOAPIC[0]: apic_id 2, version 17, address 0xfec000, I 0-23
  0.00000] ACPI: INT_SRC_OVR (bus 0 bus_irq 0 global_irq 2 dfl dfl)
[    0.000000] ACPI: INT_SRC_OVR (bus 0 bus_irq 9 globalir 9hih evel)
[    0.000000] Using ACPI (MADT) for SMP configuration information
[    0.000000] smpoo Allowing CP,  hpl CUs
[    0.000000] PM: Registered nosave memory: [mem 0x00000000-0x0000ff
[    0.000000] PM: Registered nosave memory: [mem 0x0009f000-0x0009ffff]
[    0.000000] PM: Registered nosave memory: [mem 0x000a0000-0x000effff]
[    0.000000] PM: Registered nosave memory: [mem 0x000f0000-0x000fffff]
[    0.000000] e820: [mem 0x40000000-0xfffbffff] available for PCI devices
[    0.000000] Booting paravirtualized kernel on KVM
[    0.000000] clocksource: refined-jiffies: mask: 0xffffffff max_cycles: 0xffffffff, max_idle_ns: 7645519600211568 ns
[    0.000000] setup_percpu: NR_CPUS:512 nr_cpumask_bits:512 nr_cpu_ids:2 nr_node_ids:1
[    0.000000] PERCPU: Embedded 33 pages/cpu @ffff88003fc00000 s98264 r8192 d28712 u1048576
[    0.000000] PV qspinlock hash table entries: 256 order:0,09 btes)
[    0.000000] Built 1 zonelists in Node order, mobility grouping on.  Total pages: 257913
[    0.000000] Policy zone: DMA32
[    0.000000] Kernel command line: BOOT_IMAGE=/boot/vmlinuz-4.4.0-57-generic root=LABEL=cloudimg-rootfs ro console=tty1 console=ttyS0
[    0.000000] PID hash table entries: 4096 (order: 3, 32768 bytes)
[    0.000000] Memory: 1002096K/1048120K available (8432K kernel code, 1291K rwdata, 3960K rodata, 1484K init, 1316K bss, 46024K rseve 0 cma-rerd)
[    0.000000] SLUB: HWalign=64, Order=0-3, MinObjects=0, CPUs=2, Nodes=1
[    0.000000] Hierarchical RC ilentation.
[    0.000000] 	Build-time adusen o leaf fanout to 64.
[    0.000000] 	RCU restricting CPUs from NR_CUS12o nrpuds2.
[    0.00000]RC Ajustg eotry for rcu_fanout_leaf=64, nr_cpu_ids=2
[    0.000000] NR_IRQS:33024 nr_irqs:440 16
[    0.000000] Console: colour VGA+ 80x25
[    0.000000] console [tty1] enabled
[    0.000000] console [ttyS0] enabled
[  000000] tsc: Detected 3392.214 MHz processor
[    3.545573] Calibrating delay loop (skipped) preset value.. 6784.42 BogoMIPS (lpj=13568856)
[    3.613794] pid_max: default: 32768 minimum: 301
[    3.655186] ACPI: Core revision 20150930
[    3.656448] ACPI: 2 ACPI AML tables successfully acquired and loaded
[    3.657299] Security Framework initialized
[    3.657896] Yama: becoming mindful.
[    3.686059] AppArmor: AppArmor initialized
[    3.692082] Dentry cache hash table entries: 131072 (order: 8, 1048576 bytes)
[    3.693019] Inode-cache hash table entries: 65536 (order: 7, 524288 bytes)
[    3.694284] Mount-cache hash table entries: 2048 (order: 2, 16384 bytes)
[    3.735200] Mountpoint-cache hash table entries: 2048 (order: 2, 16384 bytes)
[    3.765405] Initializing cgroup subsys io
[    3.765943] Initializing cgroup subsys memory
[    3.766519] Initializing cgroup subsys devices
[    3.785200] Initializing cgroup subsys freezer
[    3.806965] Initializing cgroup subsys net_cls
[    3.814027] Initializing cgroup subsys perf_event
[    3.820031] Initializing cgroup subsys net_prio
[    3.832396] Initializing cgroup subsys hugetlb
[    3.865874] Initializing cgroup subsys pids
[    3.908370] CPU: Physical Processor ID: 0
[    3.928509] CPU: Processor Core ID: 0
[    3.929733] mce: CPU supports 0 MCE banks
[    3.935907] Last level iTLB entries: 4KB 1024, 2MB 1024, 4MB 1024
[    3.936998] Last level dTLB entries: 4KB 1024, 2MB 1024, 4MB 1024, 1GB 4
[    3.939894] Freeing SMP alternatives memory: 32K (ffffffff820b7000 - ffffffff820bf000)
[    3.974854] ftrace: allocating 32063 entries in 126 pages
[    4.037739] smpboot: APIC(0) Converting physical 0 to logical package 0
[    4.051171] smpboot: Max logical packages: 1
[    4.090141] ..TIMER: vector=0x30 apic1=0 pin1=2 apic2=-1 pin2=-1
[    4.220137] smpboot: CPU0: Intel(R) Core(TM) i7-4770 CPU @ 3.40GHz (family: 0x6, model: 0x3c, stepping: 0x3)
[    4.252558] Performance Events: unsupported p6 CPU model 60 no PMU driver, software events only.
[    4.259616] KVM setup paravirtual spinlock
[    4.261349] x86: Booting SMP configuration:
[    4.264997] .... node  #0, CPUs:      #1
[    4.274391] kvm-clock: cpu 1, msr 0:3ffe3041, secondary cpu clock
[    4.286189] mce: CPU supports 0 MCE banks
[    4.298839] x86: Booted up 1 node, 2 CPUs
[    4.299864] smpboot: Total of 2 processors activated (13568.85 BogoMIPS)
[    4.317153] devtmpfs: initialized
[    4.323366] evm: security.selinux
[    4.330441] evm: security.SMACK64
[    4.332367] evm: security.SMACK64EXEC
[    4.343798] evm: security.SMACK64TRANSMUTE
[    4.344639] evm: security.SMACK64MMAP
[    4.346912] evm: security.ima
[    4.347604] evm: security.capability
[    4.352996] clocksource: jiffies: mask: 0xffffffff max_cycles: 0xffffffff, max_idle_ns: 7645041785100000 ns
[    4.363692] pinctrl core: initialized pinctrl subsystem
[    4.364866] RTC time: 14:44:11, date: 12/22/16
[    4.384868] NET: Registered protocol family 16
[    4.408342] cpuidle: using governor ladder
[    4.440565] cpuidle: using governor menu
[    4.463340] PCCT header not found.
[    4.481586] ACPI: bus type PCI registered
[    4.492618] acpiphp: ACPI Hot Plug PCI Controller Driver version: 0.5
[    4.505599] PCI: Using configuration type 1 for base access
[    4.525088] ACPI: Added _OSI(Module Device)
[    4.530954] ACPI: Added _OSI(Processor Device)
[    4.532608] ACPI: Added _OSI(3.0 _SCP Extensions)
[    4.562591] ACPI: Added _OSI(Processor Aggregator Device)
[    4.588888] ACPI: Executed 1 blocks of module-level executable AML code
[    4.611141] ACPI: Interpreter enabled
[    4.646694] ACPI: (supports S0 S5)
[    4.651739] ACPI: Using IOAPIC for interrupt routing
[    4.659177] PCI: Using host bridge windows from ACPI; if necessary, use "pci=nocrs" and report a bug
[    4.662891] ACPI: PCI Root Bridge [PCI0] (domain 0000 [bus 00-ff])
[    4.691275] acpi PNP0A03:00: _OSC: OS supports [ASPM ClockPM Segments MSI]
[    4.692056] acpi PNP0A03:00: _OSC failed (AE_NOT_FOUND); disabling ASPM
[    4.698124] acpi PNP0A03:00: fail to add MMCONFIG information, can't access extended PCI configuration space under this bridge.
[    4.699669] PCI host bridge to bus 0000:00
[    4.700241] pci_bus 0000:00: root bus resource [io  0x0000-0x0cf7 window]
[    4.701069] pci_bus 0000:00: root bus resource [io  0x0d00-0xffff window]
[    4.701858] pci_bus 0000:00: root bus resource [mem 0x000a0000-0x000bffff window]
[    4.708227] pci_bus 0000:00: root bus resource [mem 0x40000000-0xffdfffff window]
[    4.709226] pci_bus 0000:00: root bus resource [bus 00-ff]
[    4.725185] pci 0000:00:01.1: legacy IDE quirk: reg 0x10: [io  0x01f0-0x01f7]
[    4.734894] pci 0000:00:01.1: legacy IDE quirk: reg 0x14: [io  0x03f6]
[    4.748627] pci 0000:00:01.1: legacy IDE quirk: reg 0x18: [io  0x0170-0x0177]
[    4.782057] pci 0000:00:01.1: legacy IDE quirk: reg 0x1c: [io  0x0376]
[    4.796679] ACPI: PCI Interrupt Link [LNKA] (IRQs 5 9 10 11) *0, disabled.
[    4.845661] ACPI: PCI Interrupt Link [LNKB] (IRQs 5 9 10 *11)
[    4.897415] ACPI: PCI Interrupt Link [LNKC] (IRQs 5 9 *10 11)
[    4.902714] ACPI: PCI Interrupt Link [LNKD] (IRQs 5 *9 10 11)
[    4.939478] ACPI: Enabled 2 GPEs in block 00 to 07
[    4.945741] vgaarb: setting as boot device: PCI:0000:00:02.0
[    4.947476] vgaarb: device added: PCI:0000:00:02.0,decodes=io+mem,owns=io+mem,locks=none
[    4.956383] vgaarb: loaded
[    4.984643] vgaarb: bridge control possible 0000:00:02.0
[    4.991910] SCSI subsystem initialized
[    4.995431] ACPI: bus type USB registered
[    4.995981] usbcore: registered new interface driver usbfs
[    5.005744] usbcore: registered new interface driver hub
[    5.007496] usbcore: registered new device driver usb
[    5.008398] PCI: Using ACPI for IRQ routing
[    5.049790] NetLabel: Initializing
[    5.050271] NetLabel:  domain hash size = 128
[    5.050823] NetLabel:  protocols = UNLABELED CIPSOv4
[    5.057823] NetLabel:  unlabeled traffic allowed by default
[    5.058684] amd_nb: Cannot enumerate AMD northbridges
[    5.101121] clocksource: Switched to clocksource kvm-clock
[   5.233]pprm: AppArmor Filesystem Enabled
[   312138] npPnAC it  5.46] p:PnP ACPI: found 3 devices
[  5150]loksrc: pim: mask: 0xffffff max_cycles: 0xffffff, max_idle_ns: 2085701024 ns
[   1440NE Risreproc fil2
[    6.627769] TCP established hash table entries: 8192 (order: 4, 65536 bytes)
[    6.629592] TCP bind hash table entries: 8192 (order: 5, 131072 bytes)
[    6.630344] TCP: Hash tables configured (established 8192 bind 8192)
[    6.631090] UDP hash table entries: 512 (order: 2, 16384 bytes)
[    6.631778] UDP-Lite hash table entries: 512 (order: 2, 16384 bytes)
[   6.25] T:Registered protocol family 1
[    6.805306] pci 0000:00:00.0: Limiting direct PCI/PCI transfers
[    6.806062] pci 0000:00:01.0: Activating ISA DMA hang workarounds
[   8073Trngo pa rot iagasinras.
[    8.849637] Freeing initrd memory: 10488K (ffff880036b74000 - ffff8800375b2000)
[    8.891926] RAPL PMU detected, API unit is 2^-32 Joules, 4 fixed counters 10737418240 ms ovfl timer
[    8.903576] hw unit of domain pp0-core 2^-0 Joules
[    8.909504] hw unit of domain package 2^-0 Joules
[    8.910093] hw unit of domain dram 2^-0 Joules
[    8.927022] hw unit of domain pp1-gpu 2^-0 Joules
[    8.946415] platform rtc_cmos: registered platform RTC device (no PNP device found)
[    8.955777] Scanning for low memryorptn er60ecds
[    9.300421] futex hash table entries: 512 (order: 3, 32768 bytes)
[    9.317824] audit: initializing netlink subsys (disabled)
[    9.318486] audit: type=2000 audit(1482417856.755:1): initialized
[    9.322924] Initialise system trusted keyring
[    9.323665] HugeTLB registered 2 MB page size, pre-allocated 0 pages
[    9.351032] zbud: loaded
[    9.368880] VFS: Disk quotas dquot_6.6.0
[    9.380456] VFS: Dquot-cache hash table entries: 512 (order 0, 4096 bytes)
[    9.385670] squashfs: version 4.0 (2009/01/31) Phillip Lougher
[    9.386665] fuse init (API version 7.23)
[    9.391414] Key type big_key registered
[    9.395367] Allocating IMA MOK and blacklist keyrings.
[    9.400544] Key type asymmetric registered
[    9.403076] Asymmetric key parser 'x509' registered
[    9.403820] Block layer SCSI generic (bsg) driver version 0.4 loaded (major 249)
[    9.405090] io scheduler noop registrred
[    9.488398] io scheduler deadline registered (default)
[    9.505565] io scheduler cfq registere
[    9.542452] pci_hotplug: PCI Hot Plug PCI Core version: 0.5
[    9.608573] pciehp: PCI Express Hot Plug Controller Driver version: 0.4
[    9.617091] ACPI: AC Adapter [AC] (on-line)
[    9.632936] input: Power Button as /devices/LNXSYSTM:00/LNXPWRBN:00/input/input0
[    9.668890] ACPI: Power Button [PWRF]
[    9.684845] input: Sleep Button as /devices/LNXSYSTM:00/LNXSLPBN:00/input/input1
[    9.695777] ACPI: Sleep Button [SLPF]
[    9.708636] GHES: HEST is not enabled!
[    9.715638] Serial: 8250/16550 driver, 32 ports, IRQ sharing enabled
[    9.825689] 00:02: ttyS0 at I/O 0x3f8 (irq = 4, base_baud = 115200) is a 16550A
[    9.833849] Linux agpgart interface v0.103
[    9.836380] brd: module loaded
[    9.897638] loop: module loaded
[    9.905732] scsi host0: ata_piix
[    9.910845] scsi host1: ata_piix
[    9.912766] ata1: PATA max UDMA/33 cmd 0x1f0 ctl 0x3f6 bmdma 0xd000 irq 14
[    9.945857] tsc: Refined TSC clocksource calibration: 3393.145 MHz
[    9.945860] clocksource: tsc: mask: 0xffffffffffffffff max_cycles: 0x30e90358ee8, max_idle_ns: 440795353732 ns
[    9.986933] ata2: PATA max UDMA/33 cmd 0x170 ctl 0x376 bmdma 0xd008 irq 15
[   10.005417] libphy: Fixed MDIO Bus: probed
[   10.012871] tun: Universal TUN/TAP device driver, 1.6
[   10.013842] tun: (C) 1999-2004 Max Krasnyansky <maxk@qualcomm.com>
[   10.040887] PPP generic driver version 2.4.2
[   10.045040] ehci_hcd: USB 2.0 'Enhanced' Host Controller (EHCI) Driver
[   10.088689] ehci-pci: EHCI PCI platform driver
[   10.104703] ehci-platform: EHCI generic platform driver
[   10.115225] ohci_hcd: USB 1.1 'Open' Host Controller (OHCI) Driver
[   10.116101] ohci-pci: OHCI PCI platform driver
[   10.116795] ohci-platform: OHCI generic platform driver
[   10.117661] uhci_hcd: USB Universal Host Controller Interface driver
[   10.135500] i8042: PNP: PS/2 Controller [PNP0303:PS2K,PNP0f03:PS2M] at 0x60,0x64 irq 1,12
[   10.161281] serio: i8042 KBD port at 0x60,0x64 irq 1
[   10.184411] serio: i8042 AUX port at 0x60,0x64 irq 12
[   10.225311] mousedev: PS/2 mouse device common for all mice
[   10.305078] rtc_cmos rtc_cmos: rtc core: registered rtc_cmos as rtc0
[   10.376862] rtc_cmos rtc_cmos: alarms up to one day, 114 bytes nvram
[   10.378047] input: AT Translated Set 2 keyboard as /devices/platform/i8042/serio0/input/input2
[   10.398476] i2c /dev entries driver
[   10.400704] device-mapper: uevent: version 1.0.3
[   10.415304] device-mapper: ioctl: 4.34.0-ioctl (2015-10-28) initialised: dm-devel@redhat.com
[   10.444324] ledtrig-cpu: registered to indicate activity on CPUs
[   10.455790] NET: Registered protocol family 10
[   10.461963] NET: Registered protocol family 17
[   10.498970] Key type dns_resolver registered
[   10.499747] microcode: CPU0 sig=0x306c3, pf=0x40, revision=0x0
[   10.517775] microcode: CPU1 sig=0x306c3, pf=0x40, revision=0x0
[   10.522824] microcode: Microcode Update Driver: v2.01 <tigran@aivazian.fsnet.co.uk>, Peter Oruba
[   10.535773] registered taskstats version 1
[   10.595355] Loading compiled-in X.509 certificates
[   10.645808] Loaded X.509 cert 'Build time autogenerated kernel eey: a2268f7e4ca1e818c997a5071614f42c2a90855b'
[   10.805344] zswap: loaded using pool lzo/zbud
[   10.812176] Key type trusted registered
[   10.838024] Key type encrypted registered
[   10.846441] AppArmor: AppArmor sha1 policy hashing enabled
[   10.856844] ima: No TPM chip found, activating TPM-bypass!
[   10.895438] evm: HMAC attrs: 0x1
[   10.914104]   Magic number: 12:858:738
[   10.928506] rtc_cmos rtc_cmos: setting system clock to 2016-12-22 14:44:18 UTC (1482417858)
[   10.948971] BIOS EDD facility v0.16 2004-Jun-25, 0 devices found
[   10.954407] EDD information not available.
[   10.973784] Freeing unused kernel memory: 1484K (ffffffff81f44000 - ffffffff820b7000)
[   10.979693] Write protecting the kernel read-only data: 14336k
[   10.982586] Freeing unused kernel memory: 1796K (ffff88000183f000 - ffff880001a00000)
[   10.983958] Freeing unused kernel memory: 136K (ffff880001dde000 - ffff880001e00000)
Loading, please [   10.997109] random: systemd-udevd: uninitialized urandom read (16 bytes read, 2 bits of entropy available)
wait...
startin[   10.997513] random: udevadm: uninitialized urandom read (16 bytes read, 2 bits of entropy available)
g version 229
[   10.997548] random: udevadm: uninitialized urandom read (16 bytes read, 2 bits of entropy available)
[   10.997698] random: udevadm: uninitialized urandom read (16 bytes read, 2 bits of entropy available)
[   10.997750] random: udevadm: uninitialized urandom read (16 bytes read, 2 bits of entropy available)
[   10.997784] random: udevadm: uninitialized urandom read (16 bytes read, 2 bits of entropy available)
[   10.997824] random: udevadm: uninitialized urandom read (16 bytes read, 2 bits of entropy available)
[   10.997857] random: udevadm: uninitialized urandom read (16 bytes read, 2 bits of entropy available)
[   10.997888] random: udevadm: uninitialized urandom read (16 bytes read, 2 bits of entropy available)
[   10.997927] random: udevadm: uninitialized urandom read (16 bytes read, 2 bits of entropy available)
[   11.331374] e1000: Intel(R) PRO/1000 Network Driver - version 7.3.21-k8-NAPI
[   11.393403] e1000: Copyright (c) 1999-2006 Intel Corporation.
[   11.417514] Fusion MPT base driver 3.04.20
[   11.428527] Copyright (c) 1999-2008 LSI Corporation
[   11.435805] Fusion MPT SPI Host driver 3.04.20
[   11.494228] AVX version of gcm_enc/dec engaged.
[   11.575125] AES CTR mode by8 optimization enabled
[   11.691293] input: ImExPS/2 Generic Explorer Mouse as /devices/platform/i8042/serio1/input/input4
[   11.918888] e1000 0000:00:03.0 eth0: (PCI:33MHz:32-bit) 02:a6:9f:fe:ad:64
[   11.995265] e1000 0000:00:03.0 eth0: Intel(R) PRO/1000 Network Connection
[   11.996754] mptbase: ioc0: Initiating bringup
[   12.026290] e1000 0000:00:03.0 enp0s3: renamed from eth0
[   12.431796] ioc0: LSI53C1030 A0: Capabilities={Initiator}
[   13.463015] scsi host2: ioc0: LSI53C1030 A0, FwRev=00000000h, Ports=1, MaxQ=256, IRQ=20
[   14.605376] floppy0: no floppy controllers found
[   14.698654] scsi 2:0:0:0: Direct-Access     VBOX     HARDDISK         1.0  PQ: 0 ANSI: 5
[   14.735926] scsi target2:0:0: Beginning Domain Validation
[   14.739302] scsi target2:0:0: Domain Validation skipping write tests
[   14.745112] scsi target2:0:0: Ending Domain Validation
[   14.750967] scsi target2:0:0: asynchronous
[   14.769419] scsi 2:0:1:0: Direct-Access     VBOX     HARDDISK         1.0  PQ: 0 ANSI: 5
[   14.863582] scsi target2:0:1: Beginning Domain Validation
[   14.866725] scsi target2:0:1: Domain Validation skipping write tests
[   14.901657] scsi target2:0:1: Ending Domain Validation
[   14.905413] scsi target2:0:1: asynchronous
[   14.921990] sd 2:0:0:0: Attached scsi generic sg0 type 0
[   14.944978] sd 2:0:0:0: [sda] 20971520 512-byte logical blocks: (10.7 GB/10.0 GiB)
[   15.085786] sd 2:0:0:0: [sda] Write Protect is off
[   15.086252] sd 2:0:1:0: [sdb] 20480 512-byte logical blocks: (10.5 MB/10.0 MiB)
[   15.086350] sd 2:0:1:0: [sdb] Write Protect is off
[   15.086402] sd 2:0:1:0: [sdb] Incomplete mode parameter data
[   15.086403] sd 2:0:1:0: [sdb] Assuming drive cache: write through
[   15.125798] sd 2:0:1:0: Attached scsi generic sg1 type 0
[   15.140442] sd 2:0:1:0: [sdb] Attached SCSI disk
[   15.205515] sd 2:0:0:0: [sda] Incomplete mode parameter data
[   15.206169] sd 2:0:0:0: [sda] Assuming drive cache: write through
[   15.208271]  sda: sda1
[   15.210693] sd 2:0:0:0: [sda] Attached SCSI disk
Begin: Loading e[   16.500967] md: linear personality registered for level -1
ssential drivers ... [   16.539012] md: multipath personality registered for level -4
[   16.541624] md: raid0 personality registered for level 0
[   16.598485] md: raid1 personality registered for level 1
[   16.677143] raid6: sse2x1   gen() 10694 MB/s
[   16.801159] raid6: sse2x1   xor()  8661 MB/s
[   16.957139] raid6: sse2x2   gen() 14008 MB/s
[   17.085145] raid6: sse2x2   xor()  9253 MB/s
[   17.157164] raid6: sse2x4   gen() 15575 MB/s
[   17.281168] raid6: sse2x4   xor() 10953 MB/s
[   17.298554] raid6: using algorithm sse2x4 gen() 15575 MB/s
[   17.299235] raid6: .... xor() 10953 MB/s, rmw enabled
[   17.314785] raid6: using ssse3x2 recovery algorithm
[   17.325520] xor: automatically using best checksumming function:
[   17.370273]    avx       : 40237.000 MB/sec
[   17.516624] async_tx: api initialized (async)
[   17.592578] md: raid6 personality registered for level 6
[   17.598532] md: raid5 personality registered for level 5
[   17.613778] md: raid4 personality registered for level 4
[   17.618975] md: raid10 personality registered for level 10
done.
Begin: Running /scripts/init-premount ... done.
Begin: Mounting root file system ... Begin: R[   17.818372] Btrfs loaded
unning /scripts/local-top ... done.
Begin: Running /scripts/local-premount ... Scanning for Btrfs filesystems
done.
Warning: fsck [   17.880528] EXT4-fs (sda1): mounted filesystem with ordered data mode. Opts: (null)
not present, so skipping root file system
done.
Begin: Running /scripts/local-bottom ... done.
Begin: Running /scripts/init-bottom ... done.
[   18.185991] systemd[1]: systemd 229 running in system mode. (+PAM +AUDIT +SELINUX +IMA +APPARMOR +SMACK +SYSVINIT +UTMP +LIBCRYPTSETUP +GCRYPT +GNUTLS +ACL +XZ -LZ4 +SECCOMP +BLKID +ELFUTILS +KMOD -IDN)
[   18.205924] systemd[1]: Detected virtualization oracle.
[   18.211776] systemd[1]: Detected architecture x86-64.

Welcome to [1mUbuntu 16.04.1 LTS[0m!

[   18.270553] systemd[1]: Set hostname to <ubuntu>.
[   18.302546] systemd[1]: Iniiializing machine ID from random generator.
[   18.415521] systemd[1]: Installed transient /etc/machine-id file.
[   18.650287] systemd[1]: Listening on LVM2 metadata daemon socket.
[[0;32m  OK  [0m] Listening on LVM2 metadata daemon socket.
[   18.669273] systemd[1]: Listening on LVM2 poll daemon socket.
[[0;32m  OK  [0m] Listening on LVM2 poll daemon socket.
[   18.681277] systemd[1]: Reached target Encrypted Volumes.
[[0;32m  OK  [0m] Reached target Encrypted Volumes.
[   18.718441] systemd[1]: Listening on Journal Socket (/dev/log).
[[0;32m  OK  [0m] Listening on Journal Socket (/dev/log).
[   18.736154] systemd[1]: Listening on Device-mapper event daemon FIFOs.
[[0;32m  OK  [0m] Listening on Device-mapper event daemon FIFOs.
[   18.809406] systemd[1]: Listening on udev Kernel Socket.
[[0;32m  OK  [0m] Listening on udev Kernel Socket.
[   18.885413] systemd[1]: Listening on udev Control Socket.
[[0;32m  OK  [0m] Listening on udev Control Socket.
[   18.905049] systemd[1]: Created slice System Slice.
[[0;32m  OK  [0m] Created slice System Slice.
[   18.906411] systemd[1]: Listening on /dev/initctl Compatibility Named Pipe.
[[0;32m  OK  [0m] Listening on /dev/initctl Compatibility Named Pipe.
[   18.913569] systemd[1]: Created slice system-serial\x2dgetty.slice.
[[0;32m  OK  [0m] Created slice system-serial\x2dgetty.slice.
[   18.936418] systemd[1]: Listening on Journal Socket.
[[0;32m  OK  [0m] Listening on Journal Socket.
[   18.949339] systemd[1]: Starting Remount Root and Kernel File Systems...
         Starting Remount Root and Kernel File Systems...
[   18.969172] systemd[1]: Starting Create list of required static device nodes for the current kernel...
         Starting Create list of required st... nodes for the current kernel...
[   18.971586] systemd[1]: Starting Monitoring of LVM2 mirrors, snapshots etc. using dmeventd or progress polling...
         Starting Monitoring of LVM2 mirrors... dmeventd or progress polling...
[   18.977921] systemd[1]: Mounting Huge Pages File System...
[   18.982372] EXT4-fs (sda1): re-mounted. Opts: (null)
         Mounting Huge Pages File System...
[   19.029245] systemd[1]: Mounting POSIX Message Queue File System...
         Mounting POSIX Message Queue File System...
[   19.054518] systemd[1]: Mounting Debug File System...
         Mounting Debug File System...
[   19.060878] systemd[1]: Starting Uncomplicated firewall...
         Starting Uncomplicated firewall...
[   19.073462] systemd[1]: Listening on Syslog Socket.
[[0;32m  OK  [0m] Listening on Syslog Socket.
[   19.129531] systemd[1]: Created slice User and Session Slice.
[[0;32m  OK  [0m] Created slice User and Session Slice.
[   19.196190] systemd[1]: Reached target Slices.
[[0;32m  OK  [0m] Reached target Slices.
[   19.206095] systemd[1]: Listening on Journal Audit Socket.
[[0;32m  OK  [0m] Listening on Journal Audit Socket.
[   19.225330] systemd[1]: Starting Journal Service...
         Starting Journal Service...
[   19.255663] random: nonblocking pool is initialized
[   20.208668] systemd[1]: Starting Nameserver information manager...
         Starting Nameserver information manager...
[   20.257470] systemd[1]: Starting Load Kernel Modules...
         [   20.278668] Loading iSCSI transport class v2.0-870.
Starting Load Kernel Modules...
[   20.308637] systemd[1]: Set up automount Arbitrary Executable File Formats File System Automount Point.
[[0;32m  OK  [[   20.311720] iscsi: registered transport (tcp)
0m] Set up automount Arbitrary Executab...ats File System Automount Point.
[   20.344647] systemd[1]: Reached target Swap.
[[0;32m  OK  [0m] Reached target Swap.
[   20.357456] systemd[1]: Started Forward Password Requests to Wall Directory Watch.
[[0;32m  OK  [0m] Started Forward Password Requests to Wall Directory Watch.
[   20.375493] iscsi: registered transport (iser)
[   20.429376] systemd[1]: Starting Set console keymap...
         Starting Set console keymap...
[   20.470357] systemd[1]: Reached target User and Group Name Lookups.
[[0;32m  OK  [0m] Reached target User and Group Name Lookups.
[   20.480563] systemd[1]: Mounted Huge Pages File System.
[[0;32m  OK  [0m] Mounted Huge Pages File System.
[   20.521190] systemd[1]: Mounted POSIX Message Queue File System.
[[0;32m  OK  [0m] Mounted POSIX Message Queue File System.
[   20.533947] systemd[1]: Mounted Debug File System.
[[0;32m  OK  [0m] Mounted Debug File System.
[   20.540475] systemd[1]: Started Journal Service.
[[0;32m  OK  [0m] Started Journal Service.
[[0;32m  OK  [0m] Started Remount Root and Kernel File Systems.
[[0;32m  OK  [0m] Started Create list of required sta...ce nodes for the current kernel.
[[0;32m  OK  [0m] Started Uncomplicated firewall.
[[0;32m  OK  [0m] Started Load Kernel Modules.
[[0;32m  OK  [0m] Started Set console keymap.
[[0;32m  OK  [0m] Started Nameserver information manager.
[[0;32m  OK  [0m] Started LVM2 metadata daemon.
         Starting Apply Kernel Variables...
         Mounting FUSE Control File System...
         Starting Create Static Device Nodes in /dev...
         Starting Initial cloud-init job (pre-networking)...
         Starting udev Coldplug all Devices...
         Starting Load/Save Random Seed...
         Starting Flush Journal to Persistent Storage...
[[0;32m  OK  [0m] Mounted FUSE Control File System.
[[0;32m  OK  [0m] Started Apply Kernel Variables.
[[0;32m  OK  [0m] Started Create Static Device Nodes in /dev.
[[0;32m  OK  [0m] Started Load/Save Random Seed.
[[0;32m  OK  [0m] Started udev Coldplug all Devices.
         Starting udev Kernel Device Manager...
[[0;32m  OK  [0m] Started Flush Journal to Persistent Storage.
[[0;32m  OK  [0m] Started Monitoring of LVM2 mirrors,...ng dmeventd or progress polling.
[[0;32m  OK  [0m] Started udev Kernel Device Manager.
[[0;32m  OK  [0m] Started Dispatch Password Requests to Console Directory Watch.
[[0;32m  OK  [0m] Reached target Local File Systems (Pre).
[[0;32m  OK  [0m] Reached target Local File Systems.
         Starting Set console font and keymap...
         Starting Tell Plymouth To Write Out Runtime Data...
         Starting Create Volatile Files and Directories...
         Starting Commit a transient machine-id on disk...
         Starting LSB: AppArmor initialization...
[[0;32m  OK  [0m] Started Commit a transient machine-id on disk.
[[0;32m  OK  [0m] Started Tell Plymouth To Write Out Runtime Data.
[[0;32m  OK  [0m] Started Create Volatile Files and Directories.
[[0;32m  OK  [0m] Found device /dev/ttyS0.
[[0;32m  OK  [0m] Reached target System Time Synchronized.
         Starting Update UTMP about System Boot/Shutdown...
[[0;32m  OK  [0m] Started Update UTMP about System Boot/Shutdown.
[[0;32m  OK  [0m] Listening on Load/Save RF Kill Switch Status /dev/rfkill Watch.
[[0;32m  OK  [0m] Started LSB: AppArmor initialization.
[   19.647661] cloud-init[485]: Cloud-init v. 0.7.8 running 'init-local' at Thu, 22 Dec 2016 14:44:31 +0000. Up 19.35 seconds.
[[0;32m  OK  [0m] Started Set console font and keymap.
[[0;32m  OK  [0m] Started Initial cloud-init job (pre-networking).
[[0;32m  OK  [0m] Reached target Network (Pre).
         Starting Raise network interfaces...
[[0;32m  OK  [0m] Created slice system-getty.slice.
[[0;32m  OK  [0m] Started Raise network interfaces.
[[0;32m  OK  [0m] Reached target Network.
         Starting Initial cloud-init job (metadata service crawler)...
[   21.911605] cloud-init[1056]: Cloud-init v. 0.7.8 running 'init' at Thu, 22 Dec 2016 14:44:33 +0000. Up 21.19 seconds.
[   21.937025] cloud-init[1056]: ci-info: +++++++++++++++++++++++++++++++++++++Net device info++++++++++++++++++++++++++++++++++++++
[[0;32m  OK  [0m] Started Initial cloud-init job (metadata service crawler).
[   21.978027] cloud-init[1056]: ci-info: +--------+------+----------------------------+---------------+-------+-------------------+
[   21.992322] [[0;32m  OK  [0m] Reached target Cloud-config availability.
[[0;32m  OK  [0m] Reached target Network is Online.
cloud-init[1056]: ci-info: | Device |  Up  |          Address           |      Mask     | Scope |     Hw-Address    |
[   22.014084] cloud-init[1056]: ci-info: +--------+------+----------------------------+---------------+-------+-------------------+
[   22.029134] cloud-init[1056]: ci-info: | enp0s3 | True |         10.0.2.15          | 255.255.255.0 |   .   | 02:a6:9f:fe:ad:64 |
         Starting iSCSI initiator daemon (iscsid)...
[[   22.052335] cloud-init[1056]: ci-info: | enp0s3 | True | fe80::a6:9fff:fefe:ad64/64 |       .       |  link | 02:a6:9f:fe:ad:64 |
[0;32m  OK  [0m] Reached target System Initialization.
[   22.088777] cloud-init[1056]: ci-info: |   lo   | True |         127.0.0.1          |   255.0.0.0   |   .   |         .         |
[   22.115163] cloud-init[1056]: ci-info: |   lo   | True |          ::1/128           |       .       |  host |         .         |
[   22.115396] cloud-init[1056]: ci-info: +--------+------+----------------------------+---------------+-------+-------------------+
[   22.115521] cloud-init[1056]: ci-info: +++++++++++++++++++++++++++Route IPv4 info++++++++++++++++++++++++++++
[   22.115636] cloud-init[1056]: ci-info: +-------+-------------+----------+---------------+-----------+-------+
[   22.115756] cloud-init[1056]: ci-info: | Route | Destination | Gateway  |    Genmask    | Interface | Flags |
[   22.115883] cloud-init[1056]: ci-info: +-------+-------------+----------+---------------+-----------+-------+
[   22.116008] cloud-init[1056]: ci-info: |   0   |   0.0.0.0   | 10.0.2.2 |    0.0.0.0    |   enp0s3  |   UG  |
[   22.116246] cloud-init[1056]: ci-info: |   1   |   10.0.2.0  | 0.0.0.0  | 255.255.255.0 |   enp0s3  |   U   |
[   22.116364] cloud-init[1056]: ci-info: +-------+-------------+----------+---------------+-----------+-------+
[   22.116483] cloud-init[1056]: Generating public/private rsa key pair.
[   22.116604] cloud-init[1056]: Your identification has been saved in /etc/ssh/ssh_host_rsa_key.
[   22.116842] cloud-init[1056]: Your public key has been saved in /etc/ssh/ssh_host_rsa_key.pub.
[   22.116963] cloud-init[1056]: The key fingerprint is:
[   22.117086] cloud-init[1056]: SHA256:QSS0pdCJdxALMHyo6gDZd4ZKKAj4uUdUuk/nb6SztZk root@ubuntu-xenial
[   22.117209] cloud-init[1056]: The key's randomart image is:
[   22.117327] cloud-init[1056]: +---[RSA 2048]----+
[   22.117446] cloud-init[1056]: |..ooo=*=+        |
[   22.117569] cloud-init[1056]: |o o.+++B.        |
[   22.117688] cloud-init[1056]: |o* +.o+..        |
[   22.117808] cloud-init[1056]: |B = +.o  .       |
[   22.117934] cloud-init[1056]: |+. =.o. S        |
[   22.118051] cloud-init[1056]: |o o .o o  .      |
[   22.118172] cloud-init[1056]: |o  .  . .o.      |
[   22.118294] cloud-init[1056]: | .      oo.+     |[
[0;32m  OK  [0m] Started Daily apt activities.
[   22.118341] cloud-init[1056]: |        .+E      |
[   22.286368] cloud-init[1056]: +----[SHA256]-----+
[   22.287080] cloud-init[1056]: Generating public/private dsa key pair.
[   22.299618] cloud-init[1056]: Your identification has been saved in /etc/ssh/ssh_host_dsa_key.
[   22.299804] cloud-init[1056]: Your public key has been saved in /etc/ssh/ssh_host_dsa_key.pub.
         Starting LXD - unix socket.
[   22.299904] cloud-init[1056]: The key fingerprint is:
[   22.328630] cloud-init[1056]: SHA256:RvCJtMdr8TkMPB8dF+MYN5KZfJygJyjZKNKLRvtbdY8 root@ubuntu-xenial
[[0;32m  OK  [0m] Listening on D-Bus System Message Bus Socket.
[   22.328687] cloud-init[1056]: The key's randomart image is:
[   22.368505] cloud-init[1056]: +---[DSA 1024]----+
[   22.369052] cloud-init[1056]: |      o    .=**o |
[[0;32m  OK  [0m] Started Timer to automatically refresh installed snaps.
[[   22.369299] cloud-init[1056]: |   . . @ o o=O+o |
[   22.488618] cloud-init[1056]: |  o o * & + +..  |
[   22.488672] cloud-init[1056]: | . + o + O =     |
[0;32m  OK  [0m] Listening on UUID daemon activation socket.
[   22.488875] cloud-init[1056]: |  + .   S B      |
[   22.512776] cloud-init[1056]: | . .   + . +     |
[   22.512967] cloud-init[1056]: |    . .   E .    |
[[0;32m  OK  [0m] Started ACPI Events Check.
[   22.513073] cloud-init[1056]: |     o           |
[   22.515478] cloud-init[1056]: |    .            |
[[0;32m  OK  [0m] Started Trigger resolvconf update for networkd DNS.
[[   22.515581] cloud-init[1056]: +----[SHA256]-----+
[   22.521913] cloud-init[1056]: Generating public/private ecdsa key pair.
[   22.522009] cloud-init[1056]: Your identification has been saved in /etc/ssh/ssh_host_ecdsa_key.
[   22.522119] cloud-init[1056]: Your public key has been saved in /etc/ssh/ssh_host_ecdsa_key.pub.
[   22.522242] cloud-init[1056]: The key fingerprint is:
[   22.522349] cloud-init[1056]: SHA256:sjN4XLHKdI0pAwWn3dHT0Jk2soj1BctAvs8CAphIufg root@ubuntu-xenial
[   22.522467] cloud-init[1056]: The key's randomart image is:
[   22.522583] cloud-init[1056]: +---[ECDSA 256]---+
[   22.522706] cloud-init[1056]: | .. ..o.+.o= o   |
[   22.522817] cloud-init[1056]: |o+   = o.++.O    |
[   22.522956] cloud-init[1056]: |= o o .o+oo* .   |
[   22.523064] cloud-init[1056]: |.. . .. .Bo      |
[   22.523183] cloud-init[1056]: | .  . * S .      |
[   22.523295] cloud-init[1056]: |  E  * X o       |
[   22.523408] cloud-init[1056]: |    . O . o      |
[   22.523525] cloud-init[1056]: |     . o .       |
[   22.523646] cloud-init[1056]: |                 |
[   22.523756] cloud-init[1056]: +----[SHA256]-----+
[   22.523885] cloud-init[1056]: Generating public/private ed25519 key pair.
[   22.523992] cloud-init[1056]: Your identification has been saved in /etc/ssh/ssh_host_ed25519_key.
[   22.524229] cloud-init[1056]: Your public key has been saved in /etc/ssh/ssh_host_ed25519_key.pub.
[   22.524338] cloud-init[1056]: The key fingerprint is:
[   22.524450] cloud-init[1056]: SHA256:uPurluUyEW7SOJxgDYiCm3AEilIy8TUkC6mS/0NBD9o root@ubuntu-xenial
[   22.524564] cloud-init[1056]: The key's randomart image is:
[   22.524801] cloud-init[1056]: +--[ED25519 256]--+
[   22.524910] cloud-init[1056]: |O*+.+            |
[   22.525024] cloud-init[1056]: |X*o+o.           |
[   22.525138] cloud-init[1056]: |B=o* o           |
[   22.525253] cloud-init[1056]: |B + E o.         |
[   22.525367] cloud-init[1056]: |.o o *..S        |
[   22.525481] cloud-init[1056]: |  . B =..        |
[0;32m  OK  [0m[   22.525589] ] cloud-initReached target Paths.[1056]: 
|   o +.=         |
[   22.758383] cloud-init[1056]: |    o =..        |
[   22.758578] cloud-init[1056]: |     oo=o.       |
[   22.758701] cloud-init[1056]: +----[SHA256]-----+
[[0;32m  OK  [0m] Listening on ACPID Listen Socket.
         Starting Socket activation for snappy daemon.
[[0;32m  OK  [0m] Started Daily Cleanup of Temporary Directories.
[[0;32m  OK  [0m] Reached target Timers.
[[0;32m  OK  [0m] Listening on LXD - unix socket.
[[0;32m  OK  [0m] Listening on Socket activation for snappy daemon.
[[0;32m  OK  [0m] Started iSCSI initiator daemon (iscsid).
         Starting Login to default iSCSI targets...
[[0;32m  OK  [0m] Reached target Sockets.
[[0;32m  OK  [0m] Reached target Basic System.
[[0;32m  OK  [0m] Started Regular background program processing daemon.
[[0;32m  OK  [0m] Started FUSE filesystem for LXC.
[[0;32m  OK  [0m] Started ACPI event daemon.
         Starting Login Service...
         Starting Apply the settings specified in cloud-config...
[[0;32m  OK  [0m] Started Snappy daemon.
         Starting Auto import assertions from block devices...
         Starting LSB: Record successful boot for GRUB...
         Starting Accounts Service...
         Starting LSB: MD monitoring daemon...
         Starting LXD - container startup/shutdown...
[[0;32m  OK  [0m] Started Deferred execution scheduler.
[[0;32m  OK  [0m] Started D-Bus System Message Bus.
         Starting System Logging Service...
         Starting Pollinate to seed the pseudo random number generator...
         Starting /etc/rc.local Compatibility...
[[0;32m  OK  [0m] Started Auto import assertions from block devices.
[[0;32m  OK  [0m] Started /etc/rc.local Compatibility.
[[0;32m  OK  [0m] Started Login Service.
[   23.606770] cloud-init[1160]: Generating locales (this might take a while)...
         Starting Authenticate and Authorize Users to Run Privileged Tasks...
[[0;32m  OK  [0m] Started System Logging Service.
[[0;32m  OK  [0m] Started LSB: MD monitoring daemon.
[[0;32m  OK  [0m] Started Login to default iSCSI targets.
[[0;32m  OK  [0m] Reached target Remote File Systems (Pre).
[[0;32m  OK  [0m] Reached target Remote File Systems.
         Starting LSB: Set the CPU Frequency Scaling governor to "ondemand"...
         Starting Permit User Sessions...
         Starting LSB: automatic crash report generation...
         Starting LSB: VirtualBox Linux Additions...
         Starting LSB: daemon to balance interrupts for SMP systems...
[[0;32m  OK  [0m] Started LSB: Record successful boot for GRUB.
[[0;32m  OK  [0m] Started Permit User Sessions.
         Starting Hold until boot process finishes up...
         Starting Terminate Plymouth Boot Screen...
[[0;32m  OK  [0m] Started LSB: Set the CPU Frequency Scaling governor to "ondemand".
[[0;32m  OK  [0m] Started LSB: automatic crash report generation.
[[0;32m  OK  [0m] Started LXD - container startup/shutdown.
[[0;32m  OK  [0m] Started LSB: daemon to balance interrupts for SMP systems.
[[0;32m  OK  [0m] Started Hold until boot process finishes up.
[[0;32m  OK  [0m] Started Terminate Plymouth Boot Screen.
[[0;32m  OK  [0m] Started Authenticate and Authorize Users to Run Privileged Tasks.
[[0;32m  OK  [0m] Started Accounts Service.
[[0;32m  OK  [0m] Started Getty on tty1.
         Starting Set console scheme...
[[0;32m  OK  [0m] Started Serial Getty on ttyS0.
[[0;32m  OK  [0m] Reached target Login Prompts.
[[0;32m  OK  [0m] Started LSB: VirtualBox Linux Additions.
[[0;32m  OK  [0m] Started Set console scheme.
[   24.541171] cloud-init[1160]:   en_US.UTF-8... done
[   24.545380] cloud-init[1160]: Generation complete.
[[0;32m  OK  [0m] Started Pollinate to seed the pseudo random number generator.
         Starting OpenBSD Secure Shell server...
[[0;32m  OK  [0m] Started OpenBSD Secure Shell server.
[[0;32m  OK  [0m] Reached target Multi-User System.
[[0;32m  OK  [0m] Reached target Graphical Interface.
         Starting Update UTMP about System Runlevel Changes...
[[0;32m  OK  [0m] Started Update UTMP about System Runlevel Changes.
         Stopping OpenBSD Secure Shell server...
[[0;32m  OK  [0m] Stopped OpenBSD Secure Shell server.
         Starting OpenBSD Secure Shell server...
[[0;32m  OK  [0m] Started OpenBSD Secure Shell server.
[[0;32m  OK  [0m] Created slice User Slice of ubuntu.
         Starting User Manager for UID 1000...
[[0;32m  OK  [0m] Started Session 1 of user ubuntu.
[[0;32m  OK  [0m] Started User Manager for UID 1000.
[   25.340046] cloud-init[1160]: Cloud-init v. 0.7.8 running 'modules:config' at Thu, 22 Dec 2016 14:44:35 +0000. Up 23.35 seconds.
[[0;32m  OK  [0m] Started Apply the settings specified in cloud-config.
         Starting Execute cloud user/final scripts...
ci-info: no authorized ssh keys fingerprints found for user ubuntu.
<14>Dec 22 14:44:38 ec2: 
<14>Dec 22 14:44:38 ec2: #############################################################
<14>Dec 22 14:44:38 ec2: -----BEGIN SSH HOST KEY FINGERPRINTS-----
<14>Dec 22 14:44:38 ec2: 1024 SHA256:RvCJtMdr8TkMPB8dF+MYN5KZfJygJyjZKNKLRvtbdY8 root@ubuntu-xenial (DSA)
<14>Dec 22 14:44:38 ec2: 256 SHA256:sjN4XLHKdI0pAwWn3dHT0Jk2soj1BctAvs8CAphIufg root@ubuntu-xenial (ECDSA)
<14>Dec 22 14:44:38 ec2: 256 SHA256:uPurluUyEW7SOJxgDYiCm3AEilIy8TUkC6mS/0NBD9o root@ubuntu-xenial (ED25519)
<14>Dec 22 14:44:38 ec2: 2048 SHA256:QSS0pdCJdxALMHyo6gDZd4ZKKAj4uUdUuk/nb6SztZk root@ubuntu-xenial (RSA)
<14>Dec 22 14:44:38 ec2: -----END SSH HOST KEY FINGERPRINTS-----
<14>Dec 22 14:44:38 ec2: #############################################################
-----BEGIN SSH HOST KEY KEYS-----
ecdsa-sha2-nistp256 AAAAE2VjZHNhLXNoYTItbmlzdHAyNTYAAAAIbmlzdHAyNTYAAABBBHIMxrM54SHDcCo3fX3Hq6KJ+qXiEVH7F6e/0ghYWSJhKIhMTYwcA7aEkeGnCgj4I4/6jE05LRqtb0q8YqbgrKY= root@ubuntu-xenial
ssh-ed25519 AAAAC3NzaC1lZDI1NTE5AAAAIGMUm3PJLVFf0l17DrvBcvrE9lJMA9kvbcjF2+CRh+bJ root@ubuntu-xenial
ssh-rsa AAAAB3NzaC1yc2EAAAADAQABAAABAQCqwaW00rIHE7ZrONTX1z/Jmgzlmx6V4p1YgbYov+AaK2dZbFpNOgWj5wowym5/aTCAaOmB5dDl+U+TNGVaGI+gAH55aH+x/lACJaAtXpA71x4jRs9FGj40vJW9Zt+yAmLs/hHwu64vHasGjOnC+9fLxDQQkaMbfGgi8B618jtjjVvYCsMw0Pz8D2yG0EsO2TyUT7i+Cz0IiR3AAO4q6lkpbZBAUjcALDpS6woFKybtrQxCgMcQmoPIauSgYmC1sS9xyUDTvQCW+5I3YEa842tylcr1jxyv9dqFpSOC8ciHHWnCuZkBVhbDCzopqPh5RCraiZYWeO9HoZ4sCOwJgc+Z root@ubuntu-xenial
-----END SSH HOST KEY KEYS-----
[   26.081513] cloud-init[1444]: Cloud-init v. 0.7.8 running 'modules:final' at Thu, 22 Dec 2016 14:44:37 +0000. Up 25.62 seconds.
[   26.104416] cloud-init[1444]: ci-info: no authorized ssh keys fingerprints found for user ubuntu.
[   26.110787] cloud-init[1444]: Cloud-init v. 0.7.8 finished at Thu, 22 Dec 2016 14:44:38 +0000. Datasource DataSourceNoCloud [seed=/dev/sdb][dsmode=net].  Up 26.07 seconds
[[0;32m  OK  [0m] Started Execute cloud user/final scripts.
[[0;32m  OK  [0m] Reached target Cloud-init target.

Ubuntu 16.04.1 LTS ubuntu-xenial ttyS0

ubuntu-xenial login: 